P_Disable executed on 2017-06-16_130756 -- YYYY-MM-DD_HHMMSS  

ServerInfo, Folder, and TaskName         Next Run Time          Status
======================================== ====================== ===============

________________________________________
Server: "esipsawd01"
INFO: Scheduled task "Delete Cache" has already been disabled.
SUCCESS: The parameters of scheduled task "Delete Cache" have been changed.
----------------------------------------
Folder: \
Delete Cache                             Disabled                              

________________________________________
Server: "esipsawd01"
INFO: Scheduled task "PS Middle Tiers Monitoring" has already been disabled.
SUCCESS: The parameters of scheduled task "PS Middle Tiers Monitoring" have been changed.
----------------------------------------
Folder: \
PS Middle Tiers Monitoring               Disabled                              

________________________________________
Server: "esipsawd01"
INFO: Scheduled task "Start Service" has already been disabled.
SUCCESS: The parameters of scheduled task "Start Service" have been changed.
----------------------------------------
Folder: \
Start Service                            Disabled                              

________________________________________
Server: "esipsawd02"
INFO: Scheduled task "Delete Cache" has already been disabled.
SUCCESS: The parameters of scheduled task "Delete Cache" have been changed.
----------------------------------------
Folder: \
Delete Cache                             Disabled                              

________________________________________
Server: "esipsawd02"
INFO: Scheduled task "PS Middle Tiers Monitoring" has already been disabled.
SUCCESS: The parameters of scheduled task "PS Middle Tiers Monitoring" have been changed.
----------------------------------------
Folder: \
PS Middle Tiers Monitoring               Disabled                              

________________________________________
Server: "esipsawd02"
INFO: Scheduled task "Start Service" has already been disabled.
SUCCESS: The parameters of scheduled task "Start Service" have been changed.
----------------------------------------
Folder: \
Start Service                            Disabled                              

________________________________________
Server: "esipswwd01"
INFO: Scheduled task "Delete Cache" has already been disabled.
SUCCESS: The parameters of scheduled task "Delete Cache" have been changed.
----------------------------------------
Folder: \
Delete Cache                             Disabled                              

________________________________________
Server: "esipswwd01"
INFO: Scheduled task "PS Middle Tiers Monitoring" has already been disabled.
SUCCESS: The parameters of scheduled task "PS Middle Tiers Monitoring" have been changed.
----------------------------------------
Folder: \
PS Middle Tiers Monitoring               Disabled                              

________________________________________
Server: "esipswwd01"
INFO: Scheduled task "Start Service" has already been disabled.
SUCCESS: The parameters of scheduled task "Start Service" have been changed.
----------------------------------------
Folder: \
Start Service                            Disabled                              

________________________________________
Server: "esipsawp01"
INFO: Scheduled task "Delete Cache" has already been disabled.
SUCCESS: The parameters of scheduled task "Delete Cache" have been changed.
----------------------------------------
Folder: \
Delete Cache                             Disabled                              

________________________________________
Server: "esipsawp01"
INFO: Scheduled task "Start Service" has already been disabled.
SUCCESS: The parameters of scheduled task "Start Service" have been changed.
----------------------------------------
Folder: \
Start Service                            Disabled                              

________________________________________
Server: "esipsawp02"
INFO: Scheduled task "Delete Cache" has already been disabled.
SUCCESS: The parameters of scheduled task "Delete Cache" have been changed.
----------------------------------------
Folder: \
Delete Cache                             Disabled                              

________________________________________
Server: "esipsawp02"
INFO: Scheduled task "Start Service" has already been disabled.
SUCCESS: The parameters of scheduled task "Start Service" have been changed.
----------------------------------------
Folder: \
Start Service                            Disabled                              

________________________________________
Server: "esipswwp01"
INFO: Scheduled task "Delete Cache" has already been disabled.
SUCCESS: The parameters of scheduled task "Delete Cache" have been changed.
----------------------------------------
Folder: \
Delete Cache                             Disabled                              

________________________________________
Server: "esipswwp01"
INFO: Scheduled task "Start Servicve" has already been disabled.
SUCCESS: The parameters of scheduled task "Start Servicve" have been changed.
----------------------------------------
Folder: \
Start Servicve                           Disabled                              
